[Feb 16 2016 18:29:57] ERROR_HANDLER 
Number:  8
Message: unserialize(): Error at offset 0 of 65 bytes
File:    /Users/nathanbeers/personal-projects/portfolio/wp-content/plugins/all-in-one-wp-migration/lib/vendor/mysqldump-factory/mysqldump-factory/lib/MysqlDumpUtility.php
Line:    59
-------------------------------------------- 
[Feb 16 2016 18:29:57] ERROR_HANDLER 
Number:  8
Message: unserialize(): Error at offset 0 of 66 bytes
File:    /Users/nathanbeers/personal-projects/portfolio/wp-content/plugins/all-in-one-wp-migration/lib/vendor/mysqldump-factory/mysqldump-factory/lib/MysqlDumpUtility.php
Line:    59
-------------------------------------------- 
[Feb 16 2016 18:29:57] ERROR_HANDLER 
Number:  8
Message: unserialize(): Error at offset 0 of 72 bytes
File:    /Users/nathanbeers/personal-projects/portfolio/wp-content/plugins/all-in-one-wp-migration/lib/vendor/mysqldump-factory/mysqldump-factory/lib/MysqlDumpUtility.php
Line:    59
-------------------------------------------- 
[Feb 16 2016 18:29:57] ERROR_HANDLER 
Number:  8
Message: unserialize(): Error at offset 0 of 58 bytes
File:    /Users/nathanbeers/personal-projects/portfolio/wp-content/plugins/all-in-one-wp-migration/lib/vendor/mysqldump-factory/mysqldump-factory/lib/MysqlDumpUtility.php
Line:    59
-------------------------------------------- 
[Feb 16 2016 18:29:57] ERROR_HANDLER 
Number:  8
Message: unserialize(): Error at offset 0 of 2 bytes
File:    /Users/nathanbeers/personal-projects/portfolio/wp-content/plugins/all-in-one-wp-migration/lib/vendor/mysqldump-factory/mysqldump-factory/lib/MysqlDumpUtility.php
Line:    59
-------------------------------------------- 
[Feb 16 2016 18:29:57] ERROR_HANDLER 
Number:  8
Message: unserialize(): Error at offset 0 of 3 bytes
File:    /Users/nathanbeers/personal-projects/portfolio/wp-content/plugins/all-in-one-wp-migration/lib/vendor/mysqldump-factory/mysqldump-factory/lib/MysqlDumpUtility.php
Line:    59
-------------------------------------------- 
[Feb 16 2016 18:29:57] ERROR_HANDLER 
Number:  8
Message: unserialize(): Error at offset 0 of 3 bytes
File:    /Users/nathanbeers/personal-projects/portfolio/wp-content/plugins/all-in-one-wp-migration/lib/vendor/mysqldump-factory/mysqldump-factory/lib/MysqlDumpUtility.php
Line:    59
-------------------------------------------- 
[Feb 16 2016 18:29:57] ERROR_HANDLER 
Number:  8
Message: unserialize(): Error at offset 0 of 66 bytes
File:    /Users/nathanbeers/personal-projects/portfolio/wp-content/plugins/all-in-one-wp-migration/lib/vendor/mysqldump-factory/mysqldump-factory/lib/MysqlDumpUtility.php
Line:    59
-------------------------------------------- 
[Feb 16 2016 18:29:57] ERROR_HANDLER 
Number:  8
Message: unserialize(): Error at offset 0 of 1 bytes
File:    /Users/nathanbeers/personal-projects/portfolio/wp-content/plugins/all-in-one-wp-migration/lib/vendor/mysqldump-factory/mysqldump-factory/lib/MysqlDumpUtility.php
Line:    59
-------------------------------------------- 
[Feb 16 2016 18:29:57] ERROR_HANDLER 
Number:  8
Message: unserialize(): Error at offset 0 of 4 bytes
File:    /Users/nathanbeers/personal-projects/portfolio/wp-content/plugins/all-in-one-wp-migration/lib/vendor/mysqldump-factory/mysqldump-factory/lib/MysqlDumpUtility.php
Line:    59
-------------------------------------------- 
[Feb 16 2016 18:29:57] ERROR_HANDLER 
Number:  8
Message: unserialize(): Error at offset 0 of 23 bytes
File:    /Users/nathanbeers/personal-projects/portfolio/wp-content/plugins/all-in-one-wp-migration/lib/vendor/mysqldump-factory/mysqldump-factory/lib/MysqlDumpUtility.php
Line:    59
-------------------------------------------- 
[Feb 16 2016 18:29:57] ERROR_HANDLER 
Number:  8
Message: unserialize(): Error at offset 0 of 1 bytes
File:    /Users/nathanbeers/personal-projects/portfolio/wp-content/plugins/all-in-one-wp-migration/lib/vendor/mysqldump-factory/mysqldump-factory/lib/MysqlDumpUtility.php
Line:    59
-------------------------------------------- 
